#
# An unexpected error has been detected by HotSpot Virtual Machine:
#
#  Internal Error (0xe06d7363), pid=4056, tid=1868
#
# Java VM: Java HotSpot(TM) Client VM (1.5.0_07-b03 mixed mode)
# Problematic frame:
# C  [kernel32.dll+0x12a7b]
#

---------------  T H R E A D  ---------------

Current thread (0x0ef45d40):  JavaThread "Prefs Updater" [_thread_in_native, id=1868]

siginfo: ExceptionCode=0xe06d7363, ExceptionInformation=0x19930520 0x13f29050 0x784d93fc 

Registers:
EAX=0x13f28fb8, EBX=0xffffffff, ECX=0x00000000, EDX=0x00000000
ESP=0x13f28fb4, EBP=0x13f29008, ESI=0x13f29040, EDI=0x13f2f178
EIP=0x7c812a7b, EFLAGS=0x00000206

Top of Stack: (sp=0x13f28fb4)
0x13f28fb4:   78fc0bd0 e06d7363 00000001 00000000
0x13f28fc4:   7c812a7b 00000003 19930520 13f29050
0x13f28fd4:   784d93fc 02cd45a0 00000000 13f28ff4
0x13f28fe4:   78557d3a 02cd45a0 00000003 03b0f720
0x13f28ff4:   13f29010 00000000 13f2900c 7855e3a1
0x13f29004:   03b0f720 13f29040 78158df3 e06d7363
0x13f29014:   00000001 00000003 13f29034 e06d7363
0x13f29024:   00000001 00000000 00000000 00000003 

Instructions: (pc=0x7c812a7b)
0x7c812a6b:   8d 7d c4 f3 a5 5f 8d 45 b0 50 ff 15 08 15 80 7c
0x7c812a7b:   5e c9 c2 10 00 85 ff 0f 8e 36 93 ff ff 8b 55 fc 


Stack: [0x13eb0000,0x13f30000),  sp=0x13f28fb4,  free space=483k
Native frames: (J=compiled Java code, j=interpreted, Vv=VM code, C=native code)
C  [kernel32.dll+0x12a7b]
C  [MSVCR80.dll+0x28df3]
C  [libut.dll+0x27151]
C  [libmx.dll+0x18f38]
C  [libmx.dll+0x18bf9]
C  [libmwservices.dll+0xa30b]
C  [libmwservices.dll+0xc173]
C  [nativeservices.dll+0x1027]
j  com.mathworks.services.Prefs.getPropertyDirectory()Ljava/lang/String;+0
j  com.mathworks.services.Prefs.save()V+4
j  com.mathworks.services.Prefs$SavePrefsThread.run()V+32
v  ~StubRoutines::call_stub
V  [jvm.dll+0x86401]
V  [jvm.dll+0xdb172]
V  [jvm.dll+0x862d2]
V  [jvm.dll+0x8602f]
V  [jvm.dll+0xa0bcb]
V  [jvm.dll+0x10bdad]
V  [jvm.dll+0x10bd7b]
C  [msvcrt.dll+0x2a3b0]
C  [kernel32.dll+0xb6a3]

Java frames: (J=compiled Java code, j=interpreted, Vv=VM code)
j  com.mathworks.services.Prefs.nativeGetPreferencesDirectory()Ljava/lang/String;+0
j  com.mathworks.services.Prefs.getPropertyDirectory()Ljava/lang/String;+0
j  com.mathworks.services.Prefs.save()V+4
j  com.mathworks.services.Prefs$SavePrefsThread.run()V+32
v  ~StubRoutines::call_stub

---------------  P R O C E S S  ---------------

Java Threads: ( => current thread )
  0x0eceec80 JavaThread "Thread-64" [_thread_blocked, id=1528]
  0x18b367e0 JavaThread "Timer-11" [_thread_blocked, id=2992]
  0x0f136288 JavaThread "Timer-10" [_thread_blocked, id=1104]
  0x0ec78b50 JavaThread "Timer-9" [_thread_blocked, id=1300]
  0x0ef12f38 JavaThread "Timer-8" [_thread_blocked, id=3432]
  0x0f148b08 JavaThread "Timer-7" [_thread_blocked, id=2236]
  0x0ec70478 JavaThread "Thread-30" [_thread_blocked, id=3132]
  0x0ecbe258 JavaThread "Thread-20" [_thread_blocked, id=3872]
  0x0ecc1528 JavaThread "Active Reference Queue Daemon" daemon [_thread_blocked, id=1572]
  0x0edd7e80 JavaThread "Timer-6" daemon [_thread_blocked, id=3276]
=>0x0ef45d40 JavaThread "Prefs Updater" [_thread_in_native, id=1868]
  0x0edc38e0 JavaThread "Timer-5" [_thread_blocked, id=1948]
  0x0ed1a008 JavaThread "Timer-2" daemon [_thread_blocked, id=2168]
  0x0ef12d18 JavaThread "TimerQueue" daemon [_thread_blocked, id=2152]
  0x0eef3b68 JavaThread "AWT-EventQueue-0" [_thread_blocked, id=3136]
  0x0e836008 JavaThread "AWT-Shutdown" [_thread_blocked, id=3140]
  0x0eeeadb0 JavaThread "Java2D Disposer" daemon [_thread_blocked, id=3744]
  0x0ee6f730 JavaThread "Timer-0" [_thread_blocked, id=2740]
  0x0eeb39d8 JavaThread "AWT-Windows" daemon [_thread_in_native, id=2700]
  0x04428358 JavaThread "Low Memory Detector" daemon [_thread_blocked, id=3160]
  0x044270f8 JavaThread "CompilerThread0" daemon [_thread_blocked, id=1156]
  0x044264a8 JavaThread "Signal Dispatcher" daemon [_thread_blocked, id=240]
  0x0441c7f8 JavaThread "Finalizer" daemon [_thread_blocked, id=1056]
  0x0441bb70 JavaThread "Reference Handler" daemon [_thread_blocked, id=228]
  0x015acc20 JavaThread "main" [_thread_in_native, id=544]

Other Threads:
  0x043dc840 VMThread [id=3000]
  0x04424260 WatcherThread [id=3144]

VM state:not at safepoint (normal execution)

VM Mutex/Monitor currently owned by a thread: None

Heap
 def new generation   total 14848K, used 9293K [0x06460000, 0x07470000, 0x07c60000)
  eden space 13248K,  60% used [0x06460000, 0x06c41398, 0x07150000)
  from space 1600K,  76% used [0x072e0000, 0x07412138, 0x07470000)
  to   space 1600K,   0% used [0x07150000, 0x07150000, 0x072e0000)
 tenured generation   total 49152K, used 44839K [0x07c60000, 0x0ac60000, 0x0c460000)
   the space 49152K,  91% used [0x07c60000, 0x0a829e10, 0x0a82a000, 0x0ac60000)
 compacting perm gen  total 32768K, used 22782K [0x0c460000, 0x0e460000, 0x0e460000)
   the space 32768K,  69% used [0x0c460000, 0x0da9fa68, 0x0da9fc00, 0x0e460000)
No shared spaces configured.

Dynamic libraries:
0x00400000 - 0x004ee000 	C:\Program Files\MATLAB\R2007a\bin\win32\MATLAB.exe
0x7c900000 - 0x7c9b0000 	C:\WINDOWS\system32\ntdll.dll
0x7c800000 - 0x7c8f5000 	C:\WINDOWS\system32\kernel32.dll
0x78e80000 - 0x79088000 	C:\Program Files\MATLAB\R2007a\bin\win32\libmwservices.dll
0x7e410000 - 0x7e4a1000 	C:\WINDOWS\system32\USER32.dll
0x77f10000 - 0x77f57000 	C:\WINDOWS\system32\GDI32.dll
0x763b0000 - 0x763f9000 	C:\WINDOWS\system32\comdlg32.dll
0x77f60000 - 0x77fd6000 	C:\WINDOWS\system32\SHLWAPI.dll
0x77dd0000 - 0x77e6b000 	C:\WINDOWS\system32\ADVAPI32.dll
0x77e70000 - 0x77f01000 	C:\WINDOWS\system32\RPCRT4.dll
0x77c10000 - 0x77c68000 	C:\WINDOWS\system32\msvcrt.dll
0x5d090000 - 0x5d12a000 	C:\WINDOWS\system32\COMCTL32.dll
0x7c9c0000 - 0x7d1d7000 	C:\WINDOWS\system32\SHELL32.dll
0x78530000 - 0x7857c000 	C:\Program Files\MATLAB\R2007a\bin\win32\libmx.dll
0x78200000 - 0x78298000 	C:\Program Files\MATLAB\R2007a\bin\win32\icuuc32.dll
0x10000000 - 0x10006000 	C:\Program Files\MATLAB\R2007a\bin\win32\icudt32.dll
0x78130000 - 0x781cb000 	C:\WINDOWS\WinSxS\x86_Microsoft.VC80.CRT_1fc8b3b9a1e18e3b_8.0.50727.163_x-ww_681e29fb\MSVCR80.dll
0x78460000 - 0x7846e000 	C:\Program Files\MATLAB\R2007a\bin\win32\libz.dll
0x78470000 - 0x7852e000 	C:\Program Files\MATLAB\R2007a\bin\win32\libut.dll
0x00280000 - 0x00335000 	C:\Program Files\MATLAB\R2007a\bin\win32\icuin32.dll
0x00350000 - 0x0035c000 	C:\Program Files\MATLAB\R2007a\bin\win32\icuio32.dll
0x7c420000 - 0x7c4a7000 	C:\WINDOWS\WinSxS\x86_Microsoft.VC80.CRT_1fc8b3b9a1e18e3b_8.0.50727.163_x-ww_681e29fb\MSVCP80.dll
0x76c90000 - 0x76cb8000 	C:\WINDOWS\system32\imagehlp.dll
0x79730000 - 0x79789000 	C:\Program Files\MATLAB\R2007a\bin\win32\libmwmathutil.dll
0x785b0000 - 0x785c8000 	C:\Program Files\MATLAB\R2007a\bin\win32\mpath.dll
0x5b860000 - 0x5b8b5000 	C:\WINDOWS\system32\NETAPI32.dll
0x71ab0000 - 0x71ac7000 	C:\WINDOWS\system32\WS2_32.dll
0x71aa0000 - 0x71aa8000 	C:\WINDOWS\system32\WS2HELP.dll
0x79540000 - 0x79575000 	C:\Program Files\MATLAB\R2007a\bin\win32\mcr.dll
0x774e0000 - 0x7761d000 	C:\WINDOWS\system32\ole32.dll
0x78580000 - 0x78590000 	C:\Program Files\MATLAB\R2007a\bin\win32\libmex.dll
0x78750000 - 0x7879d000 	C:\Program Files\MATLAB\R2007a\bin\win32\m_dispatcher.dll
0x782a0000 - 0x7845b000 	C:\Program Files\MATLAB\R2007a\bin\win32\xerces-c_2_6.dll
0x78e60000 - 0x78e7c000 	C:\Program Files\MATLAB\R2007a\bin\win32\datasvcs.dll
0x79290000 - 0x79353000 	C:\Program Files\MATLAB\R2007a\bin\win32\libmwgui.dll
0x786c0000 - 0x78749000 	C:\Program Files\MATLAB\R2007a\bin\win32\udd.dll
0x785d0000 - 0x786b5000 	C:\Program Files\MATLAB\R2007a\bin\win32\mcos.dll
0x787a0000 - 0x78c01000 	C:\Program Files\MATLAB\R2007a\bin\win32\m_interpreter.dll
0x79790000 - 0x79799000 	C:\Program Files\MATLAB\R2007a\bin\win32\libmwmathrng.dll
0x78e20000 - 0x78e31000 	C:\Program Files\MATLAB\R2007a\bin\win32\m_pcodeio.dll
0x00d30000 - 0x00d3a000 	C:\Program Files\MATLAB\R2007a\bin\win32\mtok.dll
0x78c10000 - 0x78db7000 	C:\Program Files\MATLAB\R2007a\bin\win32\m_parser.dll
0x78dc0000 - 0x78df1000 	C:\Program Files\MATLAB\R2007a\bin\win32\m_ir.dll
0x78e40000 - 0x78e4c000 	C:\Program Files\MATLAB\R2007a\bin\win32\ir_xfmr.dll
0x00d80000 - 0x00db0000 	C:\Program Files\MATLAB\R2007a\bin\win32\profiler.dll
0x78590000 - 0x785ac000 	C:\Program Files\MATLAB\R2007a\bin\win32\libmat.dll
0x00dd0000 - 0x00e98000 	C:\Program Files\MATLAB\R2007a\bin\win32\libhdf5.dll
0x78e00000 - 0x78e15000 	C:\Program Files\MATLAB\R2007a\bin\win32\m_pcodegen.dll
0x7a020000 - 0x7a038000 	C:\Program Files\MATLAB\R2007a\bin\win32\bridge.dll
0x00ec0000 - 0x00ecf000 	C:\Program Files\MATLAB\R2007a\bin\win32\iqm.dll
0x79f80000 - 0x79fca000 	C:\Program Files\MATLAB\R2007a\bin\win32\comcli.dll
0x77120000 - 0x771ab000 	C:\WINDOWS\system32\OLEAUT32.dll
0x79f40000 - 0x79f77000 	C:\Program Files\MATLAB\R2007a\bin\win32\jmi.dll
0x71ad0000 - 0x71ad9000 	C:\WINDOWS\system32\WSOCK32.dll
0x791b0000 - 0x79231000 	C:\Program Files\MATLAB\R2007a\bin\win32\uiw.dll
0x79240000 - 0x79273000 	C:\Program Files\MATLAB\R2007a\bin\win32\libuij.dll
0x79510000 - 0x7953c000 	C:\Program Files\MATLAB\R2007a\bin\win32\libmwhardcopy.dll
0x79280000 - 0x79289000 	C:\Program Files\MATLAB\R2007a\bin\win32\uinone.dll
0x00f40000 - 0x0104d000 	C:\WINDOWS\WinSxS\x86_Microsoft.VC80.MFC_1fc8b3b9a1e18e3b_8.0.50727.42_x-ww_dec6ddd2\MFC80.DLL
0x73000000 - 0x73026000 	C:\WINDOWS\system32\WINSPOOL.DRV
0x7c630000 - 0x7c64b000 	C:\WINDOWS\WinSxS\x86_Microsoft.VC80.ATL_1fc8b3b9a1e18e3b_8.0.50727.42_x-ww_6e805841\ATL80.DLL
0x79ec0000 - 0x79ed4000 	C:\Program Files\MATLAB\R2007a\bin\win32\mwoles05.DLL
0x79ee0000 - 0x79f3b000 	C:\Program Files\MATLAB\R2007a\bin\win32\udd_mi.dll
0x79fd0000 - 0x79fdb000 	C:\Program Files\MATLAB\R2007a\bin\win32\mlautoregister.dll
0x79360000 - 0x794c3000 	C:\Program Files\MATLAB\R2007a\bin\win32\hg.dll
0x79580000 - 0x79725000 	C:\Program Files\MATLAB\R2007a\bin\win32\numerics.dll
0x79dd0000 - 0x79dd7000 	C:\Program Files\MATLAB\R2007a\bin\win32\libmwamd.dll
0x79de0000 - 0x79e38000 	C:\Program Files\MATLAB\R2007a\bin\win32\libmwcholmod.dll
0x79e40000 - 0x79e47000 	C:\Program Files\MATLAB\R2007a\bin\win32\libmwcolamd.dll
0x797a0000 - 0x797c3000 	C:\Program Files\MATLAB\R2007a\bin\win32\libmwlapack.dll
0x79810000 - 0x79897000 	C:\Program Files\MATLAB\R2007a\bin\win32\libfftw3.dll
0x798a0000 - 0x7993b000 	C:\Program Files\MATLAB\R2007a\bin\win32\libfftw3f.dll
0x79e50000 - 0x79ebc000 	C:\Program Files\MATLAB\R2007a\bin\win32\libmwumfpack.dll
0x773d0000 - 0x774d3000 	C:\WINDOWS\WinSxS\x86_Microsoft.Windows.Common-Controls_6595b64144ccf1df_6.0.2600.2982_x-ww_ac3f9c03\comctl32.dll
0x5d360000 - 0x5d36e000 	C:\WINDOWS\WinSxS\x86_Microsoft.VC80.MFCLOC_1fc8b3b9a1e18e3b_8.0.50727.42_x-ww_3415f6d0\MFC80ENU.DLL
0x7bdf0000 - 0x7be25000 	C:\Program Files\MATLAB\R2007a\bin\win32\libguide40.dll
0x797d0000 - 0x797f8000 	C:\Program Files\MATLAB\R2007a\bin\win32\mkl.dll
0x79800000 - 0x79805000 	C:\Program Files\MATLAB\R2007a\bin\win32\mklcompat.dll
0x79940000 - 0x79dc3000 	C:\Program Files\MATLAB\R2007a\bin\win32\mllapack.dll
0x02490000 - 0x0253a000 	C:\Program Files\MATLAB\R2007a\bin\win32\libifcoremd.dll
0x02540000 - 0x02770000 	C:\Program Files\MATLAB\R2007a\bin\win32\libmmd.dll
0x02880000 - 0x02886000 	C:\DOCUME~1\JCAMPF~1\LOCALS~1\Temp\IadHide5.dll
0x74720000 - 0x7476b000 	C:\WINDOWS\system32\MSCTF.dll
0x74290000 - 0x74294000 	C:\WINDOWS\system32\icmp.Dll
0x76d60000 - 0x76d79000 	C:\WINDOWS\system32\iphlpapi.dll
0x77fe0000 - 0x77ff1000 	C:\WINDOWS\system32\Secur32.dll
0x71a50000 - 0x71a8f000 	C:\WINDOWS\System32\mswsock.dll
0x76f20000 - 0x76f47000 	C:\WINDOWS\system32\DNSAPI.dll
0x76fb0000 - 0x76fb8000 	C:\WINDOWS\System32\winrnr.dll
0x76f60000 - 0x76f8c000 	C:\WINDOWS\system32\WLDAP32.dll
0x76fc0000 - 0x76fc6000 	C:\WINDOWS\system32\rasadhlp.dll
0x34000000 - 0x3402a000 	C:\Program Files\F-Secure\FSPS\program\FSLSP.DLL
0x18000000 - 0x18011000 	c:\program files\f-secure\common\fspmapi.dll
0x17000000 - 0x17016000 	c:\program files\f-secure\common\fsma32.dll
0x780c0000 - 0x78121000 	C:\Program Files\MATLAB\R2007a\bin\win32\MSVCP60.dll
0x029a0000 - 0x029b3000 	c:\program files\f-secure\anti-virus\fsgkiapi.dll
0x662b0000 - 0x66308000 	C:\WINDOWS\system32\hnetcfg.dll
0x71a90000 - 0x71a98000 	C:\WINDOWS\System32\wshtcpip.dll
0x6d6c0000 - 0x6d857000 	C:\Program Files\MATLAB\R2007a\sys\java\jre\win32\jre1.5.0_07\bin\client\jvm.dll
0x76b40000 - 0x76b6d000 	C:\WINDOWS\system32\WINMM.dll
0x6d280000 - 0x6d288000 	C:\Program Files\MATLAB\R2007a\sys\java\jre\win32\jre1.5.0_07\bin\hpi.dll
0x76bf0000 - 0x76bfb000 	C:\WINDOWS\system32\PSAPI.DLL
0x6d690000 - 0x6d69c000 	C:\Program Files\MATLAB\R2007a\sys\java\jre\win32\jre1.5.0_07\bin\verify.dll
0x6d300000 - 0x6d31d000 	C:\Program Files\MATLAB\R2007a\sys\java\jre\win32\jre1.5.0_07\bin\java.dll
0x6d6b0000 - 0x6d6bf000 	C:\Program Files\MATLAB\R2007a\sys\java\jre\win32\jre1.5.0_07\bin\zip.dll
0x6d000000 - 0x6d167000 	C:\Program Files\MATLAB\R2007a\sys\java\jre\win32\jre1.5.0_07\bin\awt.dll
0x76390000 - 0x763ad000 	C:\WINDOWS\system32\IMM32.dll
0x7b330000 - 0x7b342000 	C:\Program Files\MATLAB\R2007a\bin\win32\nativejava.dll
0x0f6e0000 - 0x0f6f3000 	C:\Program Files\MATLAB\R2007a\bin\win32\nativejmi.dll
0x0f790000 - 0x0f796000 	C:\Program Files\MATLAB\R2007a\bin\win32\nativeservices.dll
0x6d240000 - 0x6d27f000 	C:\Program Files\MATLAB\R2007a\sys\java\jre\win32\jre1.5.0_07\bin\fontmanager.dll
0x6d4c0000 - 0x6d4d3000 	C:\Program Files\MATLAB\R2007a\sys\java\jre\win32\jre1.5.0_07\bin\net.dll
0x6d4e0000 - 0x6d4e9000 	C:\Program Files\MATLAB\R2007a\sys\java\jre\win32\jre1.5.0_07\bin\nio.dll
0x7b350000 - 0x7b356000 	C:\Program Files\MATLAB\R2007a\bin\win32\nativelex.dll
0x0fb60000 - 0x0fb6c000 	C:\Program Files\MATLAB\R2007a\bin\win32\nativecmdwin.dll
0x605d0000 - 0x605d9000 	C:\WINDOWS\system32\mslbui.dll
0x6d1c0000 - 0x6d1e3000 	C:\Program Files\MATLAB\R2007a\sys\java\jre\win32\jre1.5.0_07\bin\dcpr.dll
0x5dff0000 - 0x5e015000 	C:\WINDOWS\System32\spool\DRIVERS\W32X86\3\PS5UI.DLL
0x77920000 - 0x77a13000 	C:\WINDOWS\system32\SETUPAPI.dll
0x769c0000 - 0x76a73000 	C:\WINDOWS\system32\USERENV.dll
0x77b40000 - 0x77b62000 	C:\WINDOWS\system32\appHelp.dll
0x76fd0000 - 0x7704f000 	C:\WINDOWS\system32\CLBCATQ.DLL
0x77050000 - 0x77115000 	C:\WINDOWS\system32\COMRes.dll
0x77c00000 - 0x77c08000 	C:\WINDOWS\system32\VERSION.dll
0x77a20000 - 0x77a74000 	C:\WINDOWS\System32\cscui.dll
0x76600000 - 0x7661d000 	C:\WINDOWS\System32\CSCDLL.dll
0x79090000 - 0x791a3000 	C:\Program Files\MATLAB\R2007a\bin\win32\libmwbuiltins.dll
0x108d0000 - 0x1098d000 	C:\Program Files\EndNote X\EN10Cwyw.wll

VM Arguments:
jvm_args: -Xss512k -XX:PermSize=32M -Xms64m -XX:NewRatio=3 -XX:MaxPermSize=32M -Xmx96m -Dsun.java2d.noddraw=true -Dsun.awt.nopixfmt=true -Xshare:off -Djava.library.path=C:\Program Files\MATLAB\R2007a\bin\win32 vfprintf abort
java_command: <unknown>
Launcher Type: generic

Environment Variables:
CLASSPATH=.;C:\Program Files\QuickTime\QTSystem\QTJava.zip
PATH=C:\WINDOWS\system32;C:\WINDOWS;C:\WINDOWS\system32\wbem;c:\program files\quicktime\qtsystem\;c:\program files\miktex 2.5\miktex\bin;C:\Program Files\MATLAB\R2007a\bin;C:\Program Files\MATLAB\R2007a\bin\win32;;C:\Program Files\Common Files\Ahead\Lib\;C:\Program Files\Common Files\Ahead\Lib\
USERNAME=jcampfens
OS=Windows_NT
PROCESSOR_IDENTIFIER=x86 Family 6 Model 15 Stepping 13, GenuineIntel



---------------  S Y S T E M  ---------------

OS: Windows XP Build 2600 Service Pack 2

CPU:total 2 family 6, cmov, cx8, fxsr, mmx, sse, sse2, ht

Memory: 4k page, physical 2071792k(1303688k free), swap 4010408k(3437872k free)

vm_info: Java HotSpot(TM) Client VM (1.5.0_07-b03) for windows-x86, built on May  3 2006 01:04:38 by "java_re" with MS VC++ 6.0

